<?xml version="1.0" encoding="UTF-8"?>
<coverage generated="1632303892573" clover="3.2.0">
  <project timestamp="1632303892573" name="All files">
    <metrics statements="166" coveredstatements="140" conditionals="52" coveredconditionals="46" methods="12" coveredmethods="12" elements="230" coveredelements="198" complexity="0" loc="166" ncloc="166" packages="1" files="1" classes="1"/>
    <file name="index.ts" path="C:\Users\skaor\Documents\ekimemo\kd-search\src\index.ts">
      <metrics statements="166" coveredstatements="140" conditionals="52" coveredconditionals="46" methods="12" coveredmethods="12"/>
      <line num="1" count="1" type="stmt"/>
      <line num="2" count="1" type="stmt"/>
      <line num="3" count="1" type="stmt"/>
      <line num="4" count="1" type="stmt"/>
      <line num="5" count="1" type="stmt"/>
      <line num="6" count="1" type="stmt"/>
      <line num="7" count="190317" type="cond" truecount="1" falsecount="0"/>
      <line num="8" count="190317" type="stmt"/>
      <line num="9" count="190317" type="stmt"/>
      <line num="10" count="1" type="stmt"/>
      <line num="11" count="26200" type="cond" truecount="1" falsecount="0"/>
      <line num="12" count="26200" type="cond" truecount="0" falsecount="1"/>
      <line num="13" count="26200" type="cond" truecount="1" falsecount="0"/>
      <line num="14" count="190317" type="cond" truecount="0" falsecount="1"/>
      <line num="15" count="190317" type="stmt"/>
      <line num="16" count="26200" type="stmt"/>
      <line num="17" count="26200" type="stmt"/>
      <line num="18" count="1" type="stmt"/>
      <line num="19" count="1" type="stmt"/>
      <line num="20" count="1" type="stmt"/>
      <line num="21" count="1" type="stmt"/>
      <line num="22" count="1" type="stmt"/>
      <line num="23" count="1" type="stmt"/>
      <line num="24" count="1" type="stmt"/>
      <line num="25" count="1" type="stmt"/>
      <line num="26" count="1" type="stmt"/>
      <line num="27" count="1" type="stmt"/>
      <line num="28" count="1" type="stmt"/>
      <line num="29" count="1" type="stmt"/>
      <line num="30" count="1" type="stmt"/>
      <line num="31" count="1" type="cond" truecount="1" falsecount="0"/>
      <line num="32" count="418662" type="cond" truecount="1" falsecount="0"/>
      <line num="33" count="219303" type="stmt"/>
      <line num="34" count="418662" type="cond" truecount="1" falsecount="0"/>
      <line num="35" count="199359" type="stmt"/>
      <line num="36" count="199359" type="cond" truecount="0" falsecount="1"/>
      <line num="37" count="0" type="stmt"/>
      <line num="38" count="0" type="stmt"/>
      <line num="39" count="418662" type="stmt"/>
      <line num="40" count="1" type="cond" truecount="1" falsecount="0"/>
      <line num="41" count="357502" type="cond" truecount="1" falsecount="0"/>
      <line num="42" count="187319" type="stmt"/>
      <line num="43" count="357502" type="cond" truecount="1" falsecount="0"/>
      <line num="44" count="170183" type="stmt"/>
      <line num="45" count="170183" type="cond" truecount="0" falsecount="1"/>
      <line num="46" count="0" type="stmt"/>
      <line num="47" count="0" type="stmt"/>
      <line num="48" count="357502" type="stmt"/>
      <line num="49" count="1" type="stmt"/>
      <line num="50" count="10000" type="cond" truecount="1" falsecount="0"/>
      <line num="51" count="10000" type="cond" truecount="1" falsecount="0"/>
      <line num="52" count="5461" type="stmt"/>
      <line num="53" count="10000" type="cond" truecount="1" falsecount="0"/>
      <line num="54" count="4539" type="stmt"/>
      <line num="55" count="4539" type="stmt"/>
      <line num="56" count="10000" type="stmt"/>
      <line num="57" count="1" type="stmt"/>
      <line num="58" count="1" type="cond" truecount="1" falsecount="0"/>
      <line num="59" count="1" type="stmt"/>
      <line num="60" count="1" type="stmt"/>
      <line num="61" count="1" type="stmt"/>
      <line num="62" count="10000" type="cond" truecount="1" falsecount="0"/>
      <line num="63" count="10000" type="stmt"/>
      <line num="64" count="10000" type="stmt"/>
      <line num="65" count="10000" type="stmt"/>
      <line num="66" count="10000" type="stmt"/>
      <line num="67" count="10000" type="stmt"/>
      <line num="68" count="10000" type="stmt"/>
      <line num="69" count="10000" type="stmt"/>
      <line num="70" count="10000" type="stmt"/>
      <line num="71" count="10000" type="cond" truecount="1" falsecount="0"/>
      <line num="72" count="5904" type="stmt"/>
      <line num="73" count="5904" type="stmt"/>
      <line num="74" count="10000" type="cond" truecount="1" falsecount="0"/>
      <line num="75" count="4095" type="stmt"/>
      <line num="76" count="4095" type="stmt"/>
      <line num="77" count="10000" type="stmt"/>
      <line num="78" count="10000" type="stmt"/>
      <line num="79" count="1" type="stmt"/>
      <line num="80" count="10000" type="cond" truecount="1" falsecount="0"/>
      <line num="81" count="10000" type="cond" truecount="1" falsecount="0"/>
      <line num="82" count="10000" type="cond" truecount="1" falsecount="0"/>
      <line num="83" count="10000" type="stmt"/>
      <line num="84" count="10000" type="stmt"/>
      <line num="85" count="10000" type="stmt"/>
      <line num="86" count="1" type="stmt"/>
      <line num="87" count="26200" type="cond" truecount="1" falsecount="1"/>
      <line num="88" count="26200" type="stmt"/>
      <line num="89" count="26200" type="stmt"/>
      <line num="90" count="26200" type="stmt"/>
      <line num="91" count="26200" type="stmt"/>
      <line num="92" count="1" type="stmt"/>
      <line num="93" count="29895126" type="cond" truecount="1" falsecount="0"/>
      <line num="94" count="29895126" type="stmt"/>
      <line num="95" count="29895126" type="stmt"/>
      <line num="96" count="1" type="stmt"/>
      <line num="97" count="1052460" type="cond" truecount="1" falsecount="0"/>
      <line num="98" count="1052460" type="stmt"/>
      <line num="99" count="1052460" type="stmt"/>
      <line num="100" count="1052460" type="stmt"/>
      <line num="101" count="1052460" type="cond" truecount="2" falsecount="0"/>
      <line num="102" count="528824" type="stmt"/>
      <line num="103" count="528824" type="cond" truecount="1" falsecount="0"/>
      <line num="104" count="2365158" type="cond" truecount="1" falsecount="0"/>
      <line num="105" count="1996534" type="cond" truecount="1" falsecount="0"/>
      <line num="106" count="1996534" type="stmt"/>
      <line num="107" count="1052460" type="cond" truecount="3" falsecount="0"/>
      <line num="108" count="34907" type="stmt"/>
      <line num="109" count="34907" type="stmt"/>
      <line num="110" count="1052460" type="cond" truecount="1" falsecount="0"/>
      <line num="111" count="563731" type="stmt"/>
      <line num="112" count="563731" type="stmt"/>
      <line num="113" count="563731" type="stmt"/>
      <line num="114" count="563731" type="stmt"/>
      <line num="115" count="563731" type="stmt"/>
      <line num="116" count="563731" type="cond" truecount="2" falsecount="0"/>
      <line num="117" count="373414" type="stmt"/>
      <line num="118" count="373414" type="stmt"/>
      <line num="119" count="563731" type="stmt"/>
      <line num="120" count="1052460" type="stmt"/>
      <line num="121" count="1052460" type="cond" truecount="2" falsecount="0"/>
      <line num="122" count="1052460" type="cond" truecount="2" falsecount="0"/>
      <line num="123" count="1052460" type="cond" truecount="2" falsecount="0"/>
      <line num="124" count="1052460" type="cond" truecount="1" falsecount="0"/>
      <line num="125" count="747429" type="stmt"/>
      <line num="126" count="747429" type="stmt"/>
      <line num="127" count="1052460" type="stmt"/>
      <line num="128" count="1052460" type="cond" truecount="2" falsecount="0"/>
      <line num="129" count="1052460" type="cond" truecount="2" falsecount="0"/>
      <line num="130" count="278831" type="stmt"/>
      <line num="131" count="278831" type="stmt"/>
      <line num="132" count="1052460" type="stmt"/>
      <line num="133" count="1" type="stmt"/>
      <line num="134" count="2" type="cond" truecount="1" falsecount="0"/>
      <line num="135" count="2" type="stmt"/>
      <line num="136" count="2" type="cond" truecount="1" falsecount="0"/>
      <line num="137" count="10100" type="stmt"/>
      <line num="138" count="10100" type="stmt"/>
      <line num="139" count="10100" type="stmt"/>
      <line num="140" count="10100" type="stmt"/>
      <line num="141" count="2" type="stmt"/>
      <line num="142" count="2" type="stmt"/>
      <line num="143" count="1" type="stmt"/>
      <line num="144" count="1" type="cond" truecount="0" falsecount="1"/>
      <line num="145" count="0" type="stmt"/>
      <line num="146" count="0" type="stmt"/>
      <line num="147" count="0" type="stmt"/>
      <line num="148" count="0" type="stmt"/>
      <line num="149" count="0" type="stmt"/>
      <line num="150" count="0" type="stmt"/>
      <line num="151" count="0" type="stmt"/>
      <line num="152" count="0" type="stmt"/>
      <line num="153" count="0" type="stmt"/>
      <line num="154" count="0" type="stmt"/>
      <line num="155" count="0" type="stmt"/>
      <line num="156" count="0" type="stmt"/>
      <line num="157" count="0" type="stmt"/>
      <line num="158" count="0" type="stmt"/>
      <line num="159" count="0" type="stmt"/>
      <line num="160" count="0" type="stmt"/>
      <line num="161" count="0" type="stmt"/>
      <line num="162" count="0" type="stmt"/>
      <line num="163" count="0" type="stmt"/>
      <line num="164" count="0" type="stmt"/>
      <line num="165" count="0" type="stmt"/>
      <line num="166" count="0" type="stmt"/>
    </file>
  </project>
</coverage>
