{"C:\\Users\\skaor\\Documents\\ekimemo\\kd-search\\src\\index.ts": {"path":"C:\\Users\\skaor\\Documents\\ekimemo\\kd-search\\src\\index.ts","all":false,"statementMap":{"0":{"start":{"line":1,"column":0},"end":{"line":1,"column":0}},"1":{"start":{"line":2,"column":0},"end":{"line":2,"column":26}},"2":{"start":{"line":3,"column":0},"end":{"line":3,"column":11}},"3":{"start":{"line":4,"column":0},"end":{"line":4,"column":11}},"4":{"start":{"line":5,"column":0},"end":{"line":5,"column":1}},"5":{"start":{"line":6,"column":0},"end":{"line":6,"column":0}},"6":{"start":{"line":7,"column":0},"end":{"line":7,"column":53}},"7":{"start":{"line":8,"column":0},"end":{"line":8,"column":35}},"8":{"start":{"line":9,"column":0},"end":{"line":9,"column":1}},"9":{"start":{"line":10,"column":0},"end":{"line":10,"column":0}},"10":{"start":{"line":11,"column":0},"end":{"line":11,"column":72}},"11":{"start":{"line":12,"column":0},"end":{"line":12,"column":41}},"12":{"start":{"line":13,"column":0},"end":{"line":13,"column":38}},"13":{"start":{"line":14,"column":0},"end":{"line":14,"column":46}},"14":{"start":{"line":15,"column":0},"end":{"line":15,"column":3}},"15":{"start":{"line":16,"column":0},"end":{"line":16,"column":13}},"16":{"start":{"line":17,"column":0},"end":{"line":17,"column":1}},"17":{"start":{"line":18,"column":0},"end":{"line":18,"column":0}},"18":{"start":{"line":19,"column":0},"end":{"line":19,"column":45}},"19":{"start":{"line":20,"column":0},"end":{"line":20,"column":15}},"20":{"start":{"line":21,"column":0},"end":{"line":21,"column":19}},"21":{"start":{"line":22,"column":0},"end":{"line":22,"column":20}},"22":{"start":{"line":23,"column":0},"end":{"line":23,"column":1}},"23":{"start":{"line":24,"column":0},"end":{"line":24,"column":0}},"24":{"start":{"line":25,"column":0},"end":{"line":25,"column":48}},"25":{"start":{"line":26,"column":0},"end":{"line":26,"column":14}},"26":{"start":{"line":27,"column":0},"end":{"line":27,"column":1}},"27":{"start":{"line":28,"column":0},"end":{"line":28,"column":0}},"28":{"start":{"line":29,"column":0},"end":{"line":29,"column":31}},"29":{"start":{"line":30,"column":0},"end":{"line":30,"column":43}},"30":{"start":{"line":31,"column":0},"end":{"line":31,"column":53}},"31":{"start":{"line":32,"column":0},"end":{"line":32,"column":18}},"32":{"start":{"line":33,"column":0},"end":{"line":33,"column":13}},"33":{"start":{"line":34,"column":0},"end":{"line":34,"column":25}},"34":{"start":{"line":35,"column":0},"end":{"line":35,"column":12}},"35":{"start":{"line":36,"column":0},"end":{"line":36,"column":10}},"36":{"start":{"line":37,"column":0},"end":{"line":37,"column":12}},"37":{"start":{"line":38,"column":0},"end":{"line":38,"column":3}},"38":{"start":{"line":39,"column":0},"end":{"line":39,"column":1}},"39":{"start":{"line":40,"column":0},"end":{"line":40,"column":53}},"40":{"start":{"line":41,"column":0},"end":{"line":41,"column":18}},"41":{"start":{"line":42,"column":0},"end":{"line":42,"column":13}},"42":{"start":{"line":43,"column":0},"end":{"line":43,"column":25}},"43":{"start":{"line":44,"column":0},"end":{"line":44,"column":12}},"44":{"start":{"line":45,"column":0},"end":{"line":45,"column":10}},"45":{"start":{"line":46,"column":0},"end":{"line":46,"column":12}},"46":{"start":{"line":47,"column":0},"end":{"line":47,"column":3}},"47":{"start":{"line":48,"column":0},"end":{"line":48,"column":1}},"48":{"start":{"line":49,"column":0},"end":{"line":49,"column":0}},"49":{"start":{"line":50,"column":0},"end":{"line":50,"column":60}},"50":{"start":{"line":51,"column":0},"end":{"line":51,"column":24}},"51":{"start":{"line":52,"column":0},"end":{"line":52,"column":23}},"52":{"start":{"line":53,"column":0},"end":{"line":53,"column":10}},"53":{"start":{"line":54,"column":0},"end":{"line":54,"column":23}},"54":{"start":{"line":55,"column":0},"end":{"line":55,"column":3}},"55":{"start":{"line":56,"column":0},"end":{"line":56,"column":1}},"56":{"start":{"line":57,"column":0},"end":{"line":57,"column":0}},"57":{"start":{"line":58,"column":0},"end":{"line":58,"column":63}},"58":{"start":{"line":59,"column":0},"end":{"line":59,"column":32}},"59":{"start":{"line":60,"column":0},"end":{"line":60,"column":1}},"60":{"start":{"line":61,"column":0},"end":{"line":61,"column":0}},"61":{"start":{"line":62,"column":0},"end":{"line":62,"column":74}},"62":{"start":{"line":63,"column":0},"end":{"line":63,"column":35}},"63":{"start":{"line":64,"column":0},"end":{"line":64,"column":41}},"64":{"start":{"line":65,"column":0},"end":{"line":65,"column":21}},"65":{"start":{"line":66,"column":0},"end":{"line":66,"column":23}},"66":{"start":{"line":67,"column":0},"end":{"line":67,"column":11}},"67":{"start":{"line":68,"column":0},"end":{"line":68,"column":11}},"68":{"start":{"line":69,"column":0},"end":{"line":69,"column":16}},"69":{"start":{"line":70,"column":0},"end":{"line":70,"column":3}},"70":{"start":{"line":71,"column":0},"end":{"line":71,"column":16}},"71":{"start":{"line":72,"column":0},"end":{"line":72,"column":58}},"72":{"start":{"line":73,"column":0},"end":{"line":73,"column":3}},"73":{"start":{"line":74,"column":0},"end":{"line":74,"column":32}},"74":{"start":{"line":75,"column":0},"end":{"line":75,"column":75}},"75":{"start":{"line":76,"column":0},"end":{"line":76,"column":3}},"76":{"start":{"line":77,"column":0},"end":{"line":77,"column":10}},"77":{"start":{"line":78,"column":0},"end":{"line":78,"column":1}},"78":{"start":{"line":79,"column":0},"end":{"line":79,"column":0}},"79":{"start":{"line":80,"column":0},"end":{"line":80,"column":47}},"80":{"start":{"line":81,"column":0},"end":{"line":81,"column":39}},"81":{"start":{"line":82,"column":0},"end":{"line":82,"column":41}},"82":{"start":{"line":83,"column":0},"end":{"line":83,"column":23}},"83":{"start":{"line":84,"column":0},"end":{"line":84,"column":24}},"84":{"start":{"line":85,"column":0},"end":{"line":85,"column":1}},"85":{"start":{"line":86,"column":0},"end":{"line":86,"column":0}},"86":{"start":{"line":87,"column":0},"end":{"line":87,"column":113}},"87":{"start":{"line":88,"column":0},"end":{"line":88,"column":39}},"88":{"start":{"line":89,"column":0},"end":{"line":89,"column":35}},"89":{"start":{"line":90,"column":0},"end":{"line":90,"column":15}},"90":{"start":{"line":91,"column":0},"end":{"line":91,"column":1}},"91":{"start":{"line":92,"column":0},"end":{"line":92,"column":0}},"92":{"start":{"line":93,"column":0},"end":{"line":93,"column":49}},"93":{"start":{"line":94,"column":0},"end":{"line":94,"column":67}},"94":{"start":{"line":95,"column":0},"end":{"line":95,"column":1}},"95":{"start":{"line":96,"column":0},"end":{"line":96,"column":0}},"96":{"start":{"line":97,"column":0},"end":{"line":97,"column":101}},"97":{"start":{"line":98,"column":0},"end":{"line":98,"column":30}},"98":{"start":{"line":99,"column":0},"end":{"line":99,"column":28}},"99":{"start":{"line":100,"column":0},"end":{"line":100,"column":16}},"100":{"start":{"line":101,"column":0},"end":{"line":101,"column":46}},"101":{"start":{"line":102,"column":0},"end":{"line":102,"column":20}},"102":{"start":{"line":103,"column":0},"end":{"line":103,"column":23}},"103":{"start":{"line":104,"column":0},"end":{"line":104,"column":44}},"104":{"start":{"line":105,"column":0},"end":{"line":105,"column":17}},"105":{"start":{"line":106,"column":0},"end":{"line":106,"column":5}},"106":{"start":{"line":107,"column":0},"end":{"line":107,"column":34}},"107":{"start":{"line":108,"column":0},"end":{"line":108,"column":16}},"108":{"start":{"line":109,"column":0},"end":{"line":109,"column":3}},"109":{"start":{"line":110,"column":0},"end":{"line":110,"column":19}},"110":{"start":{"line":111,"column":0},"end":{"line":111,"column":29}},"111":{"start":{"line":112,"column":0},"end":{"line":112,"column":16}},"112":{"start":{"line":113,"column":0},"end":{"line":113,"column":16}},"113":{"start":{"line":114,"column":0},"end":{"line":114,"column":13}},"114":{"start":{"line":115,"column":0},"end":{"line":115,"column":6}},"115":{"start":{"line":116,"column":0},"end":{"line":116,"column":46}},"116":{"start":{"line":117,"column":0},"end":{"line":117,"column":18}},"117":{"start":{"line":118,"column":0},"end":{"line":118,"column":5}},"118":{"start":{"line":119,"column":0},"end":{"line":119,"column":3}},"119":{"start":{"line":120,"column":0},"end":{"line":120,"column":41}},"120":{"start":{"line":121,"column":0},"end":{"line":121,"column":44}},"121":{"start":{"line":122,"column":0},"end":{"line":122,"column":38}},"122":{"start":{"line":123,"column":0},"end":{"line":123,"column":55}},"123":{"start":{"line":124,"column":0},"end":{"line":124,"column":13}},"124":{"start":{"line":125,"column":0},"end":{"line":125,"column":35}},"125":{"start":{"line":126,"column":0},"end":{"line":126,"column":3}},"126":{"start":{"line":127,"column":0},"end":{"line":127,"column":0}},"127":{"start":{"line":128,"column":0},"end":{"line":128,"column":51}},"128":{"start":{"line":129,"column":0},"end":{"line":129,"column":90}},"129":{"start":{"line":130,"column":0},"end":{"line":130,"column":35}},"130":{"start":{"line":131,"column":0},"end":{"line":131,"column":3}},"131":{"start":{"line":132,"column":0},"end":{"line":132,"column":1}},"132":{"start":{"line":133,"column":0},"end":{"line":133,"column":0}},"133":{"start":{"line":134,"column":0},"end":{"line":134,"column":86}},"134":{"start":{"line":135,"column":0},"end":{"line":135,"column":63}},"135":{"start":{"line":136,"column":0},"end":{"line":136,"column":40}},"136":{"start":{"line":137,"column":0},"end":{"line":137,"column":12}},"137":{"start":{"line":138,"column":0},"end":{"line":138,"column":55}},"138":{"start":{"line":139,"column":0},"end":{"line":139,"column":55}},"139":{"start":{"line":140,"column":0},"end":{"line":140,"column":5}},"140":{"start":{"line":141,"column":0},"end":{"line":141,"column":4}},"141":{"start":{"line":142,"column":0},"end":{"line":142,"column":1}},"142":{"start":{"line":143,"column":0},"end":{"line":143,"column":0}},"143":{"start":{"line":144,"column":0},"end":{"line":144,"column":22}},"144":{"start":{"line":145,"column":0},"end":{"line":145,"column":40}},"145":{"start":{"line":146,"column":0},"end":{"line":146,"column":62}},"146":{"start":{"line":147,"column":0},"end":{"line":147,"column":38}},"147":{"start":{"line":148,"column":0},"end":{"line":148,"column":32}},"148":{"start":{"line":149,"column":0},"end":{"line":149,"column":32}},"149":{"start":{"line":150,"column":0},"end":{"line":150,"column":0}},"150":{"start":{"line":151,"column":0},"end":{"line":151,"column":34}},"151":{"start":{"line":152,"column":0},"end":{"line":152,"column":22}},"152":{"start":{"line":153,"column":0},"end":{"line":153,"column":22}},"153":{"start":{"line":154,"column":0},"end":{"line":154,"column":28}},"154":{"start":{"line":155,"column":0},"end":{"line":155,"column":64}},"155":{"start":{"line":156,"column":0},"end":{"line":156,"column":4}},"156":{"start":{"line":157,"column":0},"end":{"line":157,"column":25}},"157":{"start":{"line":158,"column":0},"end":{"line":158,"column":31}},"158":{"start":{"line":159,"column":0},"end":{"line":159,"column":26}},"159":{"start":{"line":160,"column":0},"end":{"line":160,"column":34}},"160":{"start":{"line":161,"column":0},"end":{"line":161,"column":25}},"161":{"start":{"line":162,"column":0},"end":{"line":162,"column":28}},"162":{"start":{"line":163,"column":0},"end":{"line":163,"column":36}},"163":{"start":{"line":164,"column":0},"end":{"line":164,"column":4}},"164":{"start":{"line":165,"column":0},"end":{"line":165,"column":28}},"165":{"start":{"line":166,"column":0},"end":{"line":166,"column":1}}},"s":{"0":1,"1":1,"2":1,"3":1,"4":1,"5":1,"6":190317,"7":190317,"8":190317,"9":1,"10":26200,"11":26200,"12":26200,"13":190317,"14":190317,"15":26200,"16":26200,"17":1,"18":1,"19":1,"20":1,"21":1,"22":1,"23":1,"24":1,"25":1,"26":1,"27":1,"28":1,"29":1,"30":1,"31":418662,"32":219303,"33":418662,"34":199359,"35":199359,"36":0,"37":0,"38":418662,"39":1,"40":357502,"41":187319,"42":357502,"43":170183,"44":170183,"45":0,"46":0,"47":357502,"48":1,"49":10000,"50":10000,"51":5461,"52":10000,"53":4539,"54":4539,"55":10000,"56":1,"57":1,"58":1,"59":1,"60":1,"61":10000,"62":10000,"63":10000,"64":10000,"65":10000,"66":10000,"67":10000,"68":10000,"69":10000,"70":10000,"71":5904,"72":5904,"73":10000,"74":4095,"75":4095,"76":10000,"77":10000,"78":1,"79":10000,"80":10000,"81":10000,"82":10000,"83":10000,"84":10000,"85":1,"86":26200,"87":26200,"88":26200,"89":26200,"90":26200,"91":1,"92":29895126,"93":29895126,"94":29895126,"95":1,"96":1052460,"97":1052460,"98":1052460,"99":1052460,"100":1052460,"101":528824,"102":528824,"103":2365158,"104":1996534,"105":1996534,"106":1052460,"107":34907,"108":34907,"109":1052460,"110":563731,"111":563731,"112":563731,"113":563731,"114":563731,"115":563731,"116":373414,"117":373414,"118":563731,"119":1052460,"120":1052460,"121":1052460,"122":1052460,"123":1052460,"124":747429,"125":747429,"126":1052460,"127":1052460,"128":1052460,"129":278831,"130":278831,"131":1052460,"132":1,"133":2,"134":2,"135":2,"136":10100,"137":10100,"138":10100,"139":10100,"140":2,"141":2,"142":1,"143":1,"144":0,"145":0,"146":0,"147":0,"148":0,"149":0,"150":0,"151":0,"152":0,"153":0,"154":0,"155":0,"156":0,"157":0,"158":0,"159":0,"160":0,"161":0,"162":0,"163":0,"164":0,"165":0},"branchMap":{"0":{"type":"branch","line":144,"loc":{"start":{"line":144,"column":21},"end":{"line":166,"column":1}},"locations":[{"start":{"line":144,"column":21},"end":{"line":166,"column":1}}]},"1":{"type":"branch","line":7,"loc":{"start":{"line":7,"column":0},"end":{"line":9,"column":1}},"locations":[{"start":{"line":7,"column":0},"end":{"line":9,"column":1}}]},"2":{"type":"branch","line":11,"loc":{"start":{"line":11,"column":0},"end":{"line":17,"column":1}},"locations":[{"start":{"line":11,"column":0},"end":{"line":17,"column":1}}]},"3":{"type":"branch","line":12,"loc":{"start":{"line":12,"column":29},"end":{"line":12,"column":41}},"locations":[{"start":{"line":12,"column":29},"end":{"line":12,"column":41}}]},"4":{"type":"branch","line":13,"loc":{"start":{"line":13,"column":37},"end":{"line":15,"column":3}},"locations":[{"start":{"line":13,"column":37},"end":{"line":15,"column":3}}]},"5":{"type":"branch","line":14,"loc":{"start":{"line":14,"column":34},"end":{"line":14,"column":46}},"locations":[{"start":{"line":14,"column":34},"end":{"line":14,"column":46}}]},"6":{"type":"branch","line":31,"loc":{"start":{"line":31,"column":42},"end":{"line":39,"column":1}},"locations":[{"start":{"line":31,"column":42},"end":{"line":39,"column":1}}]},"7":{"type":"branch","line":32,"loc":{"start":{"line":32,"column":17},"end":{"line":34,"column":9}},"locations":[{"start":{"line":32,"column":17},"end":{"line":34,"column":9}}]},"8":{"type":"branch","line":34,"loc":{"start":{"line":34,"column":3},"end":{"line":38,"column":3}},"locations":[{"start":{"line":34,"column":3},"end":{"line":38,"column":3}}]},"9":{"type":"branch","line":36,"loc":{"start":{"line":36,"column":3},"end":{"line":38,"column":3}},"locations":[{"start":{"line":36,"column":3},"end":{"line":38,"column":3}}]},"10":{"type":"branch","line":40,"loc":{"start":{"line":40,"column":42},"end":{"line":48,"column":1}},"locations":[{"start":{"line":40,"column":42},"end":{"line":48,"column":1}}]},"11":{"type":"branch","line":41,"loc":{"start":{"line":41,"column":17},"end":{"line":43,"column":9}},"locations":[{"start":{"line":41,"column":17},"end":{"line":43,"column":9}}]},"12":{"type":"branch","line":43,"loc":{"start":{"line":43,"column":3},"end":{"line":47,"column":3}},"locations":[{"start":{"line":43,"column":3},"end":{"line":47,"column":3}}]},"13":{"type":"branch","line":45,"loc":{"start":{"line":45,"column":3},"end":{"line":47,"column":3}},"locations":[{"start":{"line":45,"column":3},"end":{"line":47,"column":3}}]},"14":{"type":"branch","line":50,"loc":{"start":{"line":50,"column":0},"end":{"line":56,"column":1}},"locations":[{"start":{"line":50,"column":0},"end":{"line":56,"column":1}}]},"15":{"type":"branch","line":51,"loc":{"start":{"line":51,"column":23},"end":{"line":53,"column":9}},"locations":[{"start":{"line":51,"column":23},"end":{"line":53,"column":9}}]},"16":{"type":"branch","line":53,"loc":{"start":{"line":53,"column":3},"end":{"line":55,"column":3}},"locations":[{"start":{"line":53,"column":3},"end":{"line":55,"column":3}}]},"17":{"type":"branch","line":58,"loc":{"start":{"line":58,"column":0},"end":{"line":60,"column":1}},"locations":[{"start":{"line":58,"column":0},"end":{"line":60,"column":1}}]},"18":{"type":"branch","line":62,"loc":{"start":{"line":62,"column":0},"end":{"line":78,"column":1}},"locations":[{"start":{"line":62,"column":0},"end":{"line":78,"column":1}}]},"19":{"type":"branch","line":71,"loc":{"start":{"line":71,"column":15},"end":{"line":73,"column":3}},"locations":[{"start":{"line":71,"column":15},"end":{"line":73,"column":3}}]},"20":{"type":"branch","line":74,"loc":{"start":{"line":74,"column":31},"end":{"line":76,"column":3}},"locations":[{"start":{"line":74,"column":31},"end":{"line":76,"column":3}}]},"21":{"type":"branch","line":80,"loc":{"start":{"line":80,"column":0},"end":{"line":85,"column":1}},"locations":[{"start":{"line":80,"column":0},"end":{"line":85,"column":1}}]},"22":{"type":"branch","line":81,"loc":{"start":{"line":81,"column":17},"end":{"line":81,"column":39}},"locations":[{"start":{"line":81,"column":17},"end":{"line":81,"column":39}}]},"23":{"type":"branch","line":82,"loc":{"start":{"line":82,"column":18},"end":{"line":82,"column":41}},"locations":[{"start":{"line":82,"column":18},"end":{"line":82,"column":41}}]},"24":{"type":"branch","line":87,"loc":{"start":{"line":87,"column":0},"end":{"line":91,"column":1}},"locations":[{"start":{"line":87,"column":0},"end":{"line":91,"column":1}}]},"25":{"type":"branch","line":87,"loc":{"start":{"line":87,"column":75},"end":{"line":87,"column":113}},"locations":[{"start":{"line":87,"column":75},"end":{"line":87,"column":113}}]},"26":{"type":"branch","line":93,"loc":{"start":{"line":93,"column":0},"end":{"line":95,"column":1}},"locations":[{"start":{"line":93,"column":0},"end":{"line":95,"column":1}}]},"27":{"type":"branch","line":97,"loc":{"start":{"line":97,"column":0},"end":{"line":132,"column":1}},"locations":[{"start":{"line":97,"column":0},"end":{"line":132,"column":1}}]},"28":{"type":"branch","line":101,"loc":{"start":{"line":101,"column":14},"end":{"line":101,"column":43}},"locations":[{"start":{"line":101,"column":14},"end":{"line":101,"column":43}}]},"29":{"type":"branch","line":101,"loc":{"start":{"line":101,"column":45},"end":{"line":107,"column":9}},"locations":[{"start":{"line":101,"column":45},"end":{"line":107,"column":9}}]},"30":{"type":"branch","line":103,"loc":{"start":{"line":103,"column":22},"end":{"line":106,"column":5}},"locations":[{"start":{"line":103,"column":22},"end":{"line":106,"column":5}}]},"31":{"type":"branch","line":104,"loc":{"start":{"line":104,"column":39},"end":{"line":104,"column":44}},"locations":[{"start":{"line":104,"column":39},"end":{"line":104,"column":44}}]},"32":{"type":"branch","line":105,"loc":{"start":{"line":105,"column":-2},"end":{"line":106,"column":5}},"locations":[{"start":{"line":105,"column":-2},"end":{"line":106,"column":5}}]},"33":{"type":"branch","line":107,"loc":{"start":{"line":107,"column":3},"end":{"line":109,"column":3}},"locations":[{"start":{"line":107,"column":3},"end":{"line":109,"column":3}}]},"34":{"type":"branch","line":107,"loc":{"start":{"line":107,"column":21},"end":{"line":107,"column":31}},"locations":[{"start":{"line":107,"column":21},"end":{"line":107,"column":31}}]},"35":{"type":"branch","line":107,"loc":{"start":{"line":107,"column":33},"end":{"line":109,"column":3}},"locations":[{"start":{"line":107,"column":33},"end":{"line":109,"column":3}}]},"36":{"type":"branch","line":110,"loc":{"start":{"line":110,"column":18},"end":{"line":119,"column":3}},"locations":[{"start":{"line":110,"column":18},"end":{"line":119,"column":3}}]},"37":{"type":"branch","line":116,"loc":{"start":{"line":116,"column":18},"end":{"line":116,"column":43}},"locations":[{"start":{"line":116,"column":18},"end":{"line":116,"column":43}}]},"38":{"type":"branch","line":116,"loc":{"start":{"line":116,"column":45},"end":{"line":118,"column":5}},"locations":[{"start":{"line":116,"column":45},"end":{"line":118,"column":5}}]},"39":{"type":"branch","line":121,"loc":{"start":{"line":121,"column":27},"end":{"line":121,"column":35}},"locations":[{"start":{"line":121,"column":27},"end":{"line":121,"column":35}}]},"40":{"type":"branch","line":121,"loc":{"start":{"line":121,"column":36},"end":{"line":121,"column":44}},"locations":[{"start":{"line":121,"column":36},"end":{"line":121,"column":44}}]},"41":{"type":"branch","line":122,"loc":{"start":{"line":122,"column":23},"end":{"line":122,"column":30}},"locations":[{"start":{"line":122,"column":23},"end":{"line":122,"column":30}}]},"42":{"type":"branch","line":122,"loc":{"start":{"line":122,"column":31},"end":{"line":122,"column":38}},"locations":[{"start":{"line":122,"column":31},"end":{"line":122,"column":38}}]},"43":{"type":"branch","line":123,"loc":{"start":{"line":123,"column":31},"end":{"line":123,"column":42}},"locations":[{"start":{"line":123,"column":31},"end":{"line":123,"column":42}}]},"44":{"type":"branch","line":123,"loc":{"start":{"line":123,"column":43},"end":{"line":123,"column":55}},"locations":[{"start":{"line":123,"column":43},"end":{"line":123,"column":55}}]},"45":{"type":"branch","line":124,"loc":{"start":{"line":124,"column":12},"end":{"line":126,"column":3}},"locations":[{"start":{"line":124,"column":12},"end":{"line":126,"column":3}}]},"46":{"type":"branch","line":128,"loc":{"start":{"line":128,"column":27},"end":{"line":128,"column":39}},"locations":[{"start":{"line":128,"column":27},"end":{"line":128,"column":39}}]},"47":{"type":"branch","line":128,"loc":{"start":{"line":128,"column":40},"end":{"line":128,"column":51}},"locations":[{"start":{"line":128,"column":40},"end":{"line":128,"column":51}}]},"48":{"type":"branch","line":129,"loc":{"start":{"line":129,"column":10},"end":{"line":129,"column":87}},"locations":[{"start":{"line":129,"column":10},"end":{"line":129,"column":87}}]},"49":{"type":"branch","line":129,"loc":{"start":{"line":129,"column":89},"end":{"line":131,"column":3}},"locations":[{"start":{"line":129,"column":89},"end":{"line":131,"column":3}}]},"50":{"type":"branch","line":134,"loc":{"start":{"line":134,"column":0},"end":{"line":142,"column":1}},"locations":[{"start":{"line":134,"column":0},"end":{"line":142,"column":1}}]},"51":{"type":"branch","line":136,"loc":{"start":{"line":136,"column":33},"end":{"line":141,"column":3}},"locations":[{"start":{"line":136,"column":33},"end":{"line":141,"column":3}}]}},"b":{"0":[0],"1":[190317],"2":[26200],"3":[0],"4":[190317],"5":[0],"6":[418662],"7":[219303],"8":[199359],"9":[0],"10":[357502],"11":[187319],"12":[170183],"13":[0],"14":[10000],"15":[5461],"16":[4539],"17":[1],"18":[10000],"19":[5904],"20":[4095],"21":[10000],"22":[5904],"23":[4095],"24":[26200],"25":[0],"26":[29895126],"27":[1052460],"28":[1026260],"29":[528824],"30":[2365158],"31":[368624],"32":[1996534],"33":[523636],"34":[488729],"35":[34907],"36":[563731],"37":[373414],"38":[373414],"39":[556109],"40":[496351],"41":[556109],"42":[496351],"43":[552881],"44":[499579],"45":[747429],"46":[552881],"47":[499579],"48":[731180],"49":[278831],"50":[2],"51":[10100]},"fnMap":{"0":{"name":"pointEquals","decl":{"start":{"line":7,"column":0},"end":{"line":9,"column":1}},"loc":{"start":{"line":7,"column":0},"end":{"line":9,"column":1}},"line":7},"1":{"name":"pointArrayEquals","decl":{"start":{"line":11,"column":0},"end":{"line":17,"column":1}},"loc":{"start":{"line":11,"column":0},"end":{"line":17,"column":1}},"line":11},"2":{"name":"X_COMPARATOR","decl":{"start":{"line":31,"column":42},"end":{"line":39,"column":1}},"loc":{"start":{"line":31,"column":42},"end":{"line":39,"column":1}},"line":31},"3":{"name":"Y_COMPARATOR","decl":{"start":{"line":40,"column":42},"end":{"line":48,"column":1}},"loc":{"start":{"line":40,"column":42},"end":{"line":48,"column":1}},"line":40},"4":{"name":"getComparator","decl":{"start":{"line":50,"column":0},"end":{"line":56,"column":1}},"loc":{"start":{"line":50,"column":0},"end":{"line":56,"column":1}},"line":50},"5":{"name":"buildTree","decl":{"start":{"line":58,"column":0},"end":{"line":60,"column":1}},"loc":{"start":{"line":58,"column":0},"end":{"line":60,"column":1}},"line":58},"6":{"name":"buildSubTree","decl":{"start":{"line":62,"column":0},"end":{"line":78,"column":1}},"loc":{"start":{"line":62,"column":0},"end":{"line":78,"column":1}},"line":62},"7":{"name":"releaseTree","decl":{"start":{"line":80,"column":0},"end":{"line":85,"column":1}},"loc":{"start":{"line":80,"column":0},"end":{"line":85,"column":1}},"line":80},"8":{"name":"searchNearest","decl":{"start":{"line":87,"column":0},"end":{"line":91,"column":1}},"loc":{"start":{"line":87,"column":0},"end":{"line":91,"column":1}},"line":87},"9":{"name":"measure","decl":{"start":{"line":93,"column":0},"end":{"line":95,"column":1}},"loc":{"start":{"line":93,"column":0},"end":{"line":95,"column":1}},"line":93},"10":{"name":"search","decl":{"start":{"line":97,"column":0},"end":{"line":132,"column":1}},"loc":{"start":{"line":97,"column":0},"end":{"line":132,"column":1}},"line":97},"11":{"name":"randomPoints","decl":{"start":{"line":134,"column":0},"end":{"line":142,"column":1}},"loc":{"start":{"line":134,"column":0},"end":{"line":142,"column":1}},"line":134}},"f":{"0":190317,"1":26200,"2":418662,"3":357502,"4":10000,"5":1,"6":10000,"7":10000,"8":26200,"9":29895126,"10":1052460,"11":2}}
}
