TN:
SF:src\index.ts
FN:7,pointEquals
FN:11,pointArrayEquals
FN:31,X_COMPARATOR
FN:40,Y_COMPARATOR
FN:50,getComparator
FN:58,buildTree
FN:62,buildSubTree
FN:80,releaseTree
FN:87,searchNearest
FN:93,measure
FN:97,search
FN:134,randomPoints
FNF:12
FNH:12
FNDA:190317,pointEquals
FNDA:26200,pointArrayEquals
FNDA:418662,X_COMPARATOR
FNDA:357502,Y_COMPARATOR
FNDA:10000,getComparator
FNDA:1,buildTree
FNDA:10000,buildSubTree
FNDA:10000,releaseTree
FNDA:26200,searchNearest
FNDA:29895126,measure
FNDA:1052460,search
FNDA:2,randomPoints
DA:1,1
DA:2,1
DA:3,1
DA:4,1
DA:5,1
DA:6,1
DA:7,190317
DA:8,190317
DA:9,190317
DA:10,1
DA:11,26200
DA:12,26200
DA:13,26200
DA:14,190317
DA:15,190317
DA:16,26200
DA:17,26200
DA:18,1
DA:19,1
DA:20,1
DA:21,1
DA:22,1
DA:23,1
DA:24,1
DA:25,1
DA:26,1
DA:27,1
DA:28,1
DA:29,1
DA:30,1
DA:31,1
DA:32,418662
DA:33,219303
DA:34,418662
DA:35,199359
DA:36,199359
DA:37,0
DA:38,0
DA:39,418662
DA:40,1
DA:41,357502
DA:42,187319
DA:43,357502
DA:44,170183
DA:45,170183
DA:46,0
DA:47,0
DA:48,357502
DA:49,1
DA:50,10000
DA:51,10000
DA:52,5461
DA:53,10000
DA:54,4539
DA:55,4539
DA:56,10000
DA:57,1
DA:58,1
DA:59,1
DA:60,1
DA:61,1
DA:62,10000
DA:63,10000
DA:64,10000
DA:65,10000
DA:66,10000
DA:67,10000
DA:68,10000
DA:69,10000
DA:70,10000
DA:71,10000
DA:72,5904
DA:73,5904
DA:74,10000
DA:75,4095
DA:76,4095
DA:77,10000
DA:78,10000
DA:79,1
DA:80,10000
DA:81,10000
DA:82,10000
DA:83,10000
DA:84,10000
DA:85,10000
DA:86,1
DA:87,26200
DA:88,26200
DA:89,26200
DA:90,26200
DA:91,26200
DA:92,1
DA:93,29895126
DA:94,29895126
DA:95,29895126
DA:96,1
DA:97,1052460
DA:98,1052460
DA:99,1052460
DA:100,1052460
DA:101,1052460
DA:102,528824
DA:103,528824
DA:104,2365158
DA:105,1996534
DA:106,1996534
DA:107,1052460
DA:108,34907
DA:109,34907
DA:110,1052460
DA:111,563731
DA:112,563731
DA:113,563731
DA:114,563731
DA:115,563731
DA:116,563731
DA:117,373414
DA:118,373414
DA:119,563731
DA:120,1052460
DA:121,1052460
DA:122,1052460
DA:123,1052460
DA:124,1052460
DA:125,747429
DA:126,747429
DA:127,1052460
DA:128,1052460
DA:129,1052460
DA:130,278831
DA:131,278831
DA:132,1052460
DA:133,1
DA:134,2
DA:135,2
DA:136,2
DA:137,10100
DA:138,10100
DA:139,10100
DA:140,10100
DA:141,2
DA:142,2
DA:143,1
DA:144,1
DA:145,0
DA:146,0
DA:147,0
DA:148,0
DA:149,0
DA:150,0
DA:151,0
DA:152,0
DA:153,0
DA:154,0
DA:155,0
DA:156,0
DA:157,0
DA:158,0
DA:159,0
DA:160,0
DA:161,0
DA:162,0
DA:163,0
DA:164,0
DA:165,0
DA:166,0
LF:166
LH:140
BRDA:144,0,0,0
BRDA:7,1,0,190317
BRDA:11,2,0,26200
BRDA:12,3,0,0
BRDA:13,4,0,190317
BRDA:14,5,0,0
BRDA:31,6,0,418662
BRDA:32,7,0,219303
BRDA:34,8,0,199359
BRDA:36,9,0,0
BRDA:40,10,0,357502
BRDA:41,11,0,187319
BRDA:43,12,0,170183
BRDA:45,13,0,0
BRDA:50,14,0,10000
BRDA:51,15,0,5461
BRDA:53,16,0,4539
BRDA:58,17,0,1
BRDA:62,18,0,10000
BRDA:71,19,0,5904
BRDA:74,20,0,4095
BRDA:80,21,0,10000
BRDA:81,22,0,5904
BRDA:82,23,0,4095
BRDA:87,24,0,26200
BRDA:87,25,0,0
BRDA:93,26,0,29895126
BRDA:97,27,0,1052460
BRDA:101,28,0,1026260
BRDA:101,29,0,528824
BRDA:103,30,0,2365158
BRDA:104,31,0,368624
BRDA:105,32,0,1996534
BRDA:107,33,0,523636
BRDA:107,34,0,488729
BRDA:107,35,0,34907
BRDA:110,36,0,563731
BRDA:116,37,0,373414
BRDA:116,38,0,373414
BRDA:121,39,0,556109
BRDA:121,40,0,496351
BRDA:122,41,0,556109
BRDA:122,42,0,496351
BRDA:123,43,0,552881
BRDA:123,44,0,499579
BRDA:124,45,0,747429
BRDA:128,46,0,552881
BRDA:128,47,0,499579
BRDA:129,48,0,731180
BRDA:129,49,0,278831
BRDA:134,50,0,2
BRDA:136,51,0,10100
BRF:52
BRH:46
end_of_record
