TN:
SF:src\index.ts
FN:7,pointEquals
FN:11,pointArrayEquals
FN:31,X_COMPARATOR
FN:40,Y_COMPARATOR
FN:50,getComparator
FN:58,buildTree
FN:62,buildSubTree
FN:80,releaseTree
FN:87,searchNearest
FN:93,measure
FN:97,search
FN:130,randomPoints
FNF:12
FNH:12
FNDA:145590,pointEquals
FNDA:20000,pointArrayEquals
FNDA:418695,X_COMPARATOR
FNDA:357757,Y_COMPARATOR
FNDA:10000,getComparator
FNDA:1,buildTree
FNDA:10000,buildSubTree
FNDA:10000,releaseTree
FNDA:20000,searchNearest
FNDA:22929409,measure
FNDA:764849,search
FNDA:2,randomPoints
DA:1,1
DA:2,1
DA:3,1
DA:4,1
DA:5,1
DA:6,1
DA:7,145590
DA:8,145590
DA:9,145590
DA:10,1
DA:11,20000
DA:12,20000
DA:13,20000
DA:14,145590
DA:15,145590
DA:16,20000
DA:17,20000
DA:18,1
DA:19,1
DA:20,1
DA:21,1
DA:22,1
DA:23,1
DA:24,1
DA:25,1
DA:26,1
DA:27,1
DA:28,1
DA:29,1
DA:30,1
DA:31,1
DA:32,418695
DA:33,218642
DA:34,418695
DA:35,200053
DA:36,200053
DA:37,0
DA:38,0
DA:39,418695
DA:40,1
DA:41,357757
DA:42,187722
DA:43,357757
DA:44,170035
DA:45,170035
DA:46,0
DA:47,0
DA:48,357757
DA:49,1
DA:50,10000
DA:51,10000
DA:52,5461
DA:53,10000
DA:54,4539
DA:55,4539
DA:56,10000
DA:57,1
DA:58,1
DA:59,1
DA:60,1
DA:61,1
DA:62,10000
DA:63,10000
DA:64,10000
DA:65,10000
DA:66,10000
DA:67,10000
DA:68,10000
DA:69,10000
DA:70,10000
DA:71,10000
DA:72,5904
DA:73,5904
DA:74,10000
DA:75,4095
DA:76,4095
DA:77,10000
DA:78,10000
DA:79,1
DA:80,10000
DA:81,10000
DA:82,10000
DA:83,10000
DA:84,10000
DA:85,10000
DA:86,1
DA:87,20000
DA:88,20000
DA:89,20000
DA:90,20000
DA:91,20000
DA:92,1
DA:93,22929409
DA:94,22929409
DA:95,22929409
DA:96,1
DA:97,764849
DA:98,764849
DA:99,764849
DA:100,764849
DA:101,764849
DA:102,744849
DA:103,744849
DA:104,2457089
DA:105,1856640
DA:106,1856640
DA:107,744849
DA:108,764849
DA:109,764849
DA:110,764849
DA:111,764849
DA:112,764849
DA:113,764849
DA:114,619259
DA:115,619259
DA:116,764849
DA:117,764849
DA:118,764849
DA:119,764849
DA:120,764849
DA:121,539205
DA:122,539205
DA:123,764849
DA:124,764849
DA:125,764849
DA:126,205644
DA:127,205644
DA:128,764849
DA:129,1
DA:130,2
DA:131,2
DA:132,2
DA:133,10100
DA:134,10100
DA:135,10100
DA:136,10100
DA:137,2
DA:138,2
DA:139,1
DA:140,1
DA:141,0
DA:142,0
DA:143,0
DA:144,0
DA:145,0
DA:146,0
DA:147,0
DA:148,0
DA:149,0
DA:150,0
DA:151,0
DA:152,0
DA:153,0
DA:154,0
DA:155,0
DA:156,0
DA:157,0
DA:158,0
DA:159,0
DA:160,0
DA:161,0
DA:162,0
LF:162
LH:136
BRDA:140,0,0,0
BRDA:7,1,0,145590
BRDA:11,2,0,20000
BRDA:12,3,0,0
BRDA:13,4,0,145590
BRDA:14,5,0,0
BRDA:31,6,0,418695
BRDA:32,7,0,218642
BRDA:34,8,0,200053
BRDA:36,9,0,0
BRDA:40,10,0,357757
BRDA:41,11,0,187722
BRDA:43,12,0,170035
BRDA:45,13,0,0
BRDA:50,14,0,10000
BRDA:51,15,0,5461
BRDA:53,16,0,4539
BRDA:58,17,0,1
BRDA:62,18,0,10000
BRDA:71,19,0,5904
BRDA:74,20,0,4095
BRDA:80,21,0,10000
BRDA:81,22,0,5904
BRDA:82,23,0,4095
BRDA:87,24,0,20000
BRDA:87,25,0,0
BRDA:93,26,0,22929409
BRDA:97,27,0,764849
BRDA:101,28,0,744849
BRDA:103,29,0,2457089
BRDA:104,30,0,600449
BRDA:105,31,0,1856640
BRDA:113,32,0,619259
BRDA:113,33,0,619259
BRDA:117,34,0,404601
BRDA:117,35,0,360248
BRDA:118,36,0,404601
BRDA:118,37,0,360248
BRDA:119,38,0,387924
BRDA:119,39,0,376925
BRDA:120,40,0,539205
BRDA:124,41,0,387924
BRDA:124,42,0,376925
BRDA:125,43,0,533548
BRDA:125,44,0,205644
BRDA:130,45,0,2
BRDA:132,46,0,10100
BRF:47
BRH:41
end_of_record
